                       :-) GROMACS - gmx mdrun, 2020 (-:

                            GROMACS is written by:
     Emile Apol      Rossen Apostolov      Paul Bauer     Herman J.C. Berendsen
    Par Bjelkmar      Christian Blau   Viacheslav Bolnykh     Kevin Boyd    
 Aldert van Buuren   Rudi van Drunen     Anton Feenstra       Alan Gray     
  Gerrit Groenhof     Anca Hamuraru    Vincent Hindriksen  M. Eric Irrgang  
  Aleksei Iupinov   Christoph Junghans     Joe Jordan     Dimitrios Karkoulis
    Peter Kasson        Jiri Kraus      Carsten Kutzner      Per Larsson    
  Justin A. Lemkul    Viveca Lindahl    Magnus Lundborg     Erik Marklund   
    Pascal Merz     Pieter Meulenhoff    Teemu Murtola       Szilard Pall   
    Sander Pronk      Roland Schulz      Michael Shirts    Alexey Shvetsov  
   Alfons Sijbers     Peter Tieleman      Jon Vincent      Teemu Virolainen 
 Christian Wennberg    Maarten Wolf      Artem Zhmurov   
                           and the project leaders:
        Mark Abraham, Berk Hess, Erik Lindahl, and David van der Spoel

Copyright (c) 1991-2000, University of Groningen, The Netherlands.
Copyright (c) 2001-2019, The GROMACS development team at
Uppsala University, Stockholm University and
the Royal Institute of Technology, Sweden.
check out http://www.gromacs.org for more information.

GROMACS is free software; you can redistribute it and/or modify it
under the terms of the GNU Lesser General Public License
as published by the Free Software Foundation; either version 2.1
of the License, or (at your option) any later version.

GROMACS:      gmx mdrun, version 2020
Executable:   /usr/local/gromacs-2020/bin/gmx
Data prefix:  /usr/local/gromacs-2020
Working dir:  /home/delinyah/Project/OMM/AF-Q9Y6C9
Process ID:   608
Command line:
  gmx mdrun -v -deffnm npt -s npt.tpr -nt 1

GROMACS version:    2020
Verified release checksum is c8f31ed8bc66001c3c8d6e5ddb61aab8bb1d400b5f5dba93c53473fa79c1a50a
Precision:          single
Memory model:       64 bit
MPI library:        thread_mpi
OpenMP support:     enabled (GMX_OPENMP_MAX_THREADS = 64)
GPU support:        CUDA
SIMD instructions:  AVX_512
FFT library:        fftw-3.3.8-sse2-avx-avx2-avx2_128-avx512
RDTSCP usage:       enabled
TNG support:        enabled
Hwloc support:      hwloc-1.11.9
Tracing support:    disabled
C compiler:         /usr/bin/gcc GNU 7.4.0
C compiler flags:   -mavx512f -mfma -fexcess-precision=fast -funroll-all-loops -fopenmp
C++ compiler:       /usr/bin/g++ GNU 7.4.0
C++ compiler flags: -mavx512f -mfma -fexcess-precision=fast -funroll-all-loops -fopenmp
CUDA compiler:      /usr/local/cuda-10.0/bin/nvcc nvcc: NVIDIA (R) Cuda compiler driver;Copyright (c) 2005-2018 NVIDIA Corporation;Built on Sat_Aug_25_21:08:01_CDT_2018;Cuda compilation tools, release 10.0, V10.0.130
CUDA compiler flags:-std=c++14;-gencode;arch=compute_30,code=sm_30;-gencode;arch=compute_35,code=sm_35;-gencode;arch=compute_37,code=sm_37;-gencode;arch=compute_50,code=sm_50;-gencode;arch=compute_52,code=sm_52;-gencode;arch=compute_60,code=sm_60;-gencode;arch=compute_61,code=sm_61;-gencode;arch=compute_70,code=sm_70;-gencode;arch=compute_35,code=compute_35;-gencode;arch=compute_50,code=compute_50;-gencode;arch=compute_52,code=compute_52;-gencode;arch=compute_60,code=compute_60;-gencode;arch=compute_61,code=compute_61;-gencode;arch=compute_70,code=compute_70;-gencode;arch=compute_75,code=compute_75;-use_fast_math;-D_FORCE_INLINES;-mavx512f -mfma -fexcess-precision=fast -funroll-all-loops -fopenmp
CUDA driver:        10.0
CUDA runtime:       10.0


Running on 1 node with total 6 cores, 12 logical cores, 1 compatible GPU
Hardware detected:
  CPU info:
    Vendor: Intel
    Brand:  Intel(R) Xeon(R) W-2135 CPU @ 3.70GHz
    Family: 6   Model: 85   Stepping: 4
    Features: aes apic avx avx2 avx512f avx512cd avx512bw avx512vl clfsh cmov cx8 cx16 f16c fma hle htt intel lahf mmx msr nonstop_tsc pcid pclmuldq pdcm pdpe1gb popcnt pse rdrnd rdtscp rtm sse2 sse3 sse4.1 sse4.2 ssse3 tdt x2apic
    Number of AVX-512 FMA units: 2
  Hardware topology: Full, with devices
    Sockets, cores, and logical processors:
      Socket  0: [   0   6] [   1   7] [   2   8] [   3   9] [   4  10] [   5  11]
    Numa nodes:
      Node  0 (33439870976 bytes mem):   0   1   2   3   4   5   6   7   8   9  10  11
      Latency:
               0
         0  1.00
    Caches:
      L1: 32768 bytes, linesize 64 bytes, assoc. 8, shared 2 ways
      L2: 1048576 bytes, linesize 64 bytes, assoc. 16, shared 2 ways
      L3: 8650752 bytes, linesize 64 bytes, assoc. 11, shared 12 ways
    PCI devices:
      0000:00:17.0  Id: 8086:2826  Class: 0x0104  Numa: 0
      0000:01:00.0  Id: 8086:1533  Class: 0x0200  Numa: 0
      0000:00:1f.6  Id: 8086:15b7  Class: 0x0200  Numa: 0
      0000:21:00.0  Id: 10de:1b06  Class: 0x0300  Numa: 0
      0000:2e:00.0  Id: 144d:a804  Class: 0x0108  Numa: 0
  GPU info:
    Number of GPUs detected: 1
    #0: NVIDIA GeForce GTX 1080 Ti, compute cap.: 6.1, ECC:  no, stat: compatible


++++ PLEASE READ AND CITE THE FOLLOWING REFERENCE ++++
M. J. Abraham, T. Murtola, R. Schulz, S. Páll, J. C. Smith, B. Hess, E.
Lindahl
GROMACS: High performance molecular simulations through multi-level
parallelism from laptops to supercomputers
SoftwareX 1 (2015) pp. 19-25
-------- -------- --- Thank You --- -------- --------


++++ PLEASE READ AND CITE THE FOLLOWING REFERENCE ++++
S. Páll, M. J. Abraham, C. Kutzner, B. Hess, E. Lindahl
Tackling Exascale Software Challenges in Molecular Dynamics Simulations with
GROMACS
In S. Markidis & E. Laure (Eds.), Solving Software Challenges for Exascale 8759 (2015) pp. 3-27
-------- -------- --- Thank You --- -------- --------


++++ PLEASE READ AND CITE THE FOLLOWING REFERENCE ++++
S. Pronk, S. Páll, R. Schulz, P. Larsson, P. Bjelkmar, R. Apostolov, M. R.
Shirts, J. C. Smith, P. M. Kasson, D. van der Spoel, B. Hess, and E. Lindahl
GROMACS 4.5: a high-throughput and highly parallel open source molecular
simulation toolkit
Bioinformatics 29 (2013) pp. 845-54
-------- -------- --- Thank You --- -------- --------


++++ PLEASE READ AND CITE THE FOLLOWING REFERENCE ++++
B. Hess and C. Kutzner and D. van der Spoel and E. Lindahl
GROMACS 4: Algorithms for highly efficient, load-balanced, and scalable
molecular simulation
J. Chem. Theory Comput. 4 (2008) pp. 435-447
-------- -------- --- Thank You --- -------- --------


++++ PLEASE READ AND CITE THE FOLLOWING REFERENCE ++++
D. van der Spoel, E. Lindahl, B. Hess, G. Groenhof, A. E. Mark and H. J. C.
Berendsen
GROMACS: Fast, Flexible and Free
J. Comp. Chem. 26 (2005) pp. 1701-1719
-------- -------- --- Thank You --- -------- --------


++++ PLEASE READ AND CITE THE FOLLOWING REFERENCE ++++
E. Lindahl and B. Hess and D. van der Spoel
GROMACS 3.0: A package for molecular simulation and trajectory analysis
J. Mol. Mod. 7 (2001) pp. 306-317
-------- -------- --- Thank You --- -------- --------


++++ PLEASE READ AND CITE THE FOLLOWING REFERENCE ++++
H. J. C. Berendsen, D. van der Spoel and R. van Drunen
GROMACS: A message-passing parallel molecular dynamics implementation
Comp. Phys. Comm. 91 (1995) pp. 43-56
-------- -------- --- Thank You --- -------- --------


++++ PLEASE CITE THE DOI FOR THIS VERSION OF GROMACS ++++
https://doi.org/10.5281/zenodo.3562495
-------- -------- --- Thank You --- -------- --------

Input Parameters:
   integrator                     = md
   tinit                          = 0
   dt                             = 0.03
   nsteps                         = 5000
   init-step                      = 0
   simulation-part                = 1
   comm-mode                      = Linear
   nstcomm                        = 100
   bd-fric                        = 0
   ld-seed                        = -1365037782
   emtol                          = 10
   emstep                         = 0.01
   niter                          = 20
   fcstep                         = 0
   nstcgsteep                     = 1000
   nbfgscorr                      = 10
   rtpi                           = 0.05
   nstxout                        = 0
   nstvout                        = 0
   nstfout                        = 0
   nstlog                         = 3333
   nstcalcenergy                  = 100
   nstenergy                      = 1000
   nstxout-compressed             = 1
   compressed-x-precision         = 100
   cutoff-scheme                  = Verlet
   nstlist                        = 20
   pbc                            = xyz
   periodic-molecules             = false
   verlet-buffer-tolerance        = 0.005
   rlist                          = 1.298
   coulombtype                    = Reaction-Field
   coulomb-modifier               = Potential-shift
   rcoulomb-switch                = 0
   rcoulomb                       = 1.1
   epsilon-r                      = 15
   epsilon-rf                     = inf
   vdw-type                       = Cut-off
   vdw-modifier                   = Potential-shift
   rvdw-switch                    = 0
   rvdw                           = 1.1
   DispCorr                       = No
   table-extension                = 1
   fourierspacing                 = 0.12
   fourier-nx                     = 0
   fourier-ny                     = 0
   fourier-nz                     = 0
   pme-order                      = 4
   ewald-rtol                     = 1e-05
   ewald-rtol-lj                  = 0.001
   lj-pme-comb-rule               = Geometric
   ewald-geometry                 = 0
   epsilon-surface                = 0
   tcoupl                         = V-rescale
   nsttcouple                     = 20
   nh-chain-length                = 0
   print-nose-hoover-chain-variables = false
   pcoupl                         = Berendsen
   pcoupltype                     = Isotropic
   nstpcouple                     = 20
   tau-p                          = 4
   compressibility (3x3):
      compressibility[    0]={ 4.50000e-05,  0.00000e+00,  0.00000e+00}
      compressibility[    1]={ 0.00000e+00,  4.50000e-05,  0.00000e+00}
      compressibility[    2]={ 0.00000e+00,  0.00000e+00,  4.50000e-05}
   ref-p (3x3):
      ref-p[    0]={ 1.00000e+00,  0.00000e+00,  0.00000e+00}
      ref-p[    1]={ 0.00000e+00,  1.00000e+00,  0.00000e+00}
      ref-p[    2]={ 0.00000e+00,  0.00000e+00,  1.00000e+00}
   refcoord-scaling               = No
   posres-com (3):
      posres-com[0]= 0.00000e+00
      posres-com[1]= 0.00000e+00
      posres-com[2]= 0.00000e+00
   posres-comB (3):
      posres-comB[0]= 0.00000e+00
      posres-comB[1]= 0.00000e+00
      posres-comB[2]= 0.00000e+00
   QMMM                           = false
   QMconstraints                  = 0
   QMMMscheme                     = 0
   MMChargeScaleFactor            = 1
qm-opts:
   ngQM                           = 0
   constraint-algorithm           = Lincs
   continuation                   = false
   Shake-SOR                      = false
   shake-tol                      = 0.0001
   lincs-order                    = 4
   lincs-iter                     = 1
   lincs-warnangle                = 30
   nwall                          = 0
   wall-type                      = 9-3
   wall-r-linpot                  = -1
   wall-atomtype[0]               = -1
   wall-atomtype[1]               = -1
   wall-density[0]                = 0
   wall-density[1]                = 0
   wall-ewald-zfac                = 3
   pull                           = false
   awh                            = false
   rotation                       = false
   interactiveMD                  = false
   disre                          = No
   disre-weighting                = Conservative
   disre-mixed                    = false
   dr-fc                          = 1000
   dr-tau                         = 0
   nstdisreout                    = 100
   orire-fc                       = 0
   orire-tau                      = 0
   nstorireout                    = 100
   free-energy                    = no
   cos-acceleration               = 0
   deform (3x3):
      deform[    0]={ 0.00000e+00,  0.00000e+00,  0.00000e+00}
      deform[    1]={ 0.00000e+00,  0.00000e+00,  0.00000e+00}
      deform[    2]={ 0.00000e+00,  0.00000e+00,  0.00000e+00}
   simulated-tempering            = false
   swapcoords                     = no
   userint1                       = 0
   userint2                       = 0
   userint3                       = 0
   userint4                       = 0
   userreal1                      = 0
   userreal2                      = 0
   userreal3                      = 0
   userreal4                      = 0
   applied-forces:
     electric-field:
       x:
         E0                       = 0
         omega                    = 0
         t0                       = 0
         sigma                    = 0
       y:
         E0                       = 0
         omega                    = 0
         t0                       = 0
         sigma                    = 0
       z:
         E0                       = 0
         omega                    = 0
         t0                       = 0
         sigma                    = 0
     density-guided-simulation:
       active                     = false
       group                      = protein
       similarity-measure         = inner-product
       atom-spreading-weight      = unity
       force-constant             = 1e+09
       gaussian-transform-spreading-width = 0.2
       gaussian-transform-spreading-range-in-multiples-of-width = 4
       reference-density-filename = reference.mrc
       nst                        = 1
       normalize-densities        = true
       adaptive-force-scaling     = false
       adaptive-force-scaling-time-constant = 4
grpopts:
   nrdf:      103174
   ref-t:         300
   tau-t:           1
annealing:          No
annealing-npoints:           0
   acc:	           0           0           0
   nfreeze:           N           N           N
   energygrp-flags[  0]: 0

Changing nstlist from 20 to 25, rlist from 1.298 to 1.378

1 GPU selected for this run.
Mapping of GPU IDs to the 1 GPU task in the 1 rank on this node:
  PP:0
PP tasks will do (non-perturbed) short-ranged interactions on the GPU
Using 1 MPI thread
Using 1 OpenMP thread 


NOTE: Thread affinity was not set.
System total charge: -77.000
Reaction-Field:
epsRF = 0, rc = 1.1, krf = 0.375657, crf = 1.36364, epsfac = 9.26236
The electrostatics potential has its minimum at r = 1.1
Potential shift: LJ r^-12: -3.186e-01 r^-6: -5.645e-01

Using GPU 8x8 nonbonded short-range kernels

Using a dual 8x8 pair-list setup updated with dynamic, rolling pruning:
  outer list: updated every 25 steps, buffer 0.278 nm, rlist 1.378 nm
  inner list: updated every  4 steps, buffer 0.014 nm, rlist 1.114 nm
At tolerance 0.005 kJ/mol/ps per atom, equivalent classical 1x1 list would be:
  outer list: updated every 25 steps, buffer 0.432 nm, rlist 1.532 nm
  inner list: updated every  4 steps, buffer 0.044 nm, rlist 1.144 nm

Using full Lennard-Jones parameter combination matrix

Removing pbc first time

Initializing LINear Constraint Solver

++++ PLEASE READ AND CITE THE FOLLOWING REFERENCE ++++
B. Hess
P-LINCS: A Parallel Linear Constraint Solver for molecular simulation
J. Chem. Theory Comput. 4 (2008) pp. 116-122
-------- -------- --- Thank You --- -------- --------

The number of constraints is 803
535 constraints are involved in constraint triangles,
will apply an additional matrix expansion of order 4 for couplings
between constraints inside triangles

++++ PLEASE READ AND CITE THE FOLLOWING REFERENCE ++++
G. Bussi, D. Donadio and M. Parrinello
Canonical sampling through velocity rescaling
J. Chem. Phys. 126 (2007) pp. 014101
-------- -------- --- Thank You --- -------- --------

There are: 34660 Atoms
There are: 114 VSites

Constraining the starting coordinates (step 0)

Constraining the coordinates at t0-dt (step 0)
Center of mass motion removal mode is Linear
We have the following groups for center of mass motion removal:
  0:  rest
RMS relative constraint deviation after constraining: 9.25e-04
Initial temperature: 300.06 K

Started mdrun on rank 0 Wed Mar  8 18:17:25 2023

           Step           Time
              0        0.00000

   Energies (kJ/mol)
           Bond       G96Angle    Proper Dih.  Improper Dih.        LJ (SR)
    2.80342e+03    6.35522e+03    2.50016e+02    6.71504e+01   -9.09691e+05
   Coulomb (SR)      Potential    Kinetic En.   Total Energy  Conserved En.
   -4.04388e+03   -9.04259e+05    1.28734e+05   -7.75525e+05   -7.68043e+05
    Temperature Pressure (bar)   Constr. rmsd
    3.00137e+02   -1.92177e+03    2.77413e-04

           Step           Time
           3333       99.99000

   Energies (kJ/mol)
           Bond       G96Angle    Proper Dih.  Improper Dih.        LJ (SR)
    1.44960e+04    6.87239e+03    3.00947e+02    7.38965e+01   -8.66382e+05
   Coulomb (SR)      Potential    Kinetic En.   Total Energy  Conserved En.
   -4.30237e+03   -8.48941e+05    1.28684e+05   -7.20257e+05   -7.86904e+05
    Temperature Pressure (bar)   Constr. rmsd
    3.00019e+02    1.06018e+01    5.55736e-04

           Step           Time
           5000      150.00000

Writing checkpoint, step 5000 at Wed Mar  8 18:17:46 2023


   Energies (kJ/mol)
           Bond       G96Angle    Proper Dih.  Improper Dih.        LJ (SR)
    1.45252e+04    6.94212e+03    3.38084e+02    9.43503e+01   -8.66301e+05
   Coulomb (SR)      Potential    Kinetic En.   Total Energy  Conserved En.
   -4.35180e+03   -8.48753e+05    1.27711e+05   -7.21042e+05   -7.94161e+05
    Temperature Pressure (bar)   Constr. rmsd
    2.97751e+02   -1.12926e+01    4.63748e-04


	<======  ###############  ==>
	<====  A V E R A G E S  ====>
	<==  ###############  ======>

	Statistics over 5001 steps using 51 frames

   Energies (kJ/mol)
           Bond       G96Angle    Proper Dih.  Improper Dih.        LJ (SR)
    1.46892e+04    7.03124e+03    3.20537e+02    8.39615e+01   -8.64866e+05
   Coulomb (SR)      Potential    Kinetic En.   Total Energy  Conserved En.
   -4.24862e+03   -8.46990e+05    1.28348e+05   -7.18643e+05   -7.83139e+05
    Temperature Pressure (bar)   Constr. rmsd
    2.99236e+02   -6.64288e+01    0.00000e+00

          Box-X          Box-Y          Box-Z
    1.66984e+01    1.44612e+01    1.64131e+01

   Total Virial (kJ/mol)
    5.11353e+04   -1.04678e+02    4.27022e+01
   -1.04665e+02    5.13848e+04   -4.32220e+02
    4.26833e+01   -4.32218e+02    5.07569e+04

   Pressure (bar)
   -6.60082e+01    1.33636e+00   -6.39073e-01
    1.33625e+00   -6.89634e+01    3.93165e+00
   -6.38917e-01    3.93163e+00   -6.43149e+01


	M E G A - F L O P S   A C C O U N T I N G

 NB=Group-cutoff nonbonded kernels    NxN=N-by-N cluster Verlet kernels
 RF=Reaction-Field  VdW=Van der Waals  QSTab=quadratic-spline table
 W3=SPC/TIP3p  W4=TIP4p (single or pairs)
 V&F=Potential and force  V=Potential only  F=Force only

 Computing:                               M-Number         M-Flops  % Flops
-----------------------------------------------------------------------------
 Pair Search distance check             309.457824        2785.120     0.1
 NxN RF Elec. + LJ [F]                52526.602112     1996010.880    97.8
 NxN RF Elec. + LJ [V&F]                551.531584       29782.706     1.5
 Shift-X                                  6.989574          41.937     0.0
 Bonds                                   43.963791        2593.864     0.1
 Angles                                  34.931985        5868.573     0.3
 Propers                                  0.870174         199.270     0.0
 Impropers                                0.385077          80.096     0.0
 Virial                                   8.774388         157.939     0.0
 Stop-CM                                  1.808248          18.082     0.0
 P-Coupling                               8.728274          52.370     0.0
 Calc-Ekin                               69.652322        1880.613     0.1
 Lincs                                    4.017409         241.045     0.0
 Lincs-Mat                               79.967952         319.872     0.0
 Constraint-V                             8.033212          64.266     0.0
 Constraint-Vir                           0.202356           4.857     0.0
 Virtual Site 3                           0.190038           7.031     0.0
 Virtual Site 3out                        0.380076          33.067     0.0
-----------------------------------------------------------------------------
 Total                                                 2040141.587   100.0
-----------------------------------------------------------------------------


     R E A L   C Y C L E   A N D   T I M E   A C C O U N T I N G

On 1 MPI rank

 Computing:          Num   Num      Call    Wall time         Giga-Cycles
                     Ranks Threads  Count      (s)         total sum    %
-----------------------------------------------------------------------------
 Vsite constr.          1    1       5001       0.037          0.137   0.2
 Neighbor search        1    1        201       1.704          6.299   7.3
 Launch GPU ops.        1    1       5001       0.379          1.399   1.6
 Force                  1    1       5001       3.144         11.620  13.4
 Wait GPU NB local      1    1       5001       0.104          0.385   0.4
 NB X/F buffer ops.     1    1       9801       1.706          6.307   7.3
 Vsite spread           1    1       5001       0.041          0.153   0.2
 Write traj.            1    1       5001      14.194         52.461  60.7
 Update                 1    1       5001       1.018          3.761   4.4
 Constraints            1    1       5003       0.461          1.703   2.0
 Rest                                           0.604          2.234   2.6
-----------------------------------------------------------------------------
 Total                                         23.393         86.461 100.0
-----------------------------------------------------------------------------

               Core t (s)   Wall t (s)        (%)
       Time:       23.391       23.393      100.0
                 (ns/day)    (hour/ns)
Performance:      554.119        0.043
Finished mdrun on rank 0 Wed Mar  8 18:17:49 2023

